<?xml version="1.0" encoding="UTF-8"?>
<!-- Generated by org.testng.reporters.JUnitXMLReporter -->
<testsuite ignored="2" hostname="KSPL0235-L" failures="3" tests="5" name="CreateTicket" time="8.815" errors="0" timestamp="2022-11-02T18:46:13 IST">
  <testcase classname="us.littleguys.testestimator.CreateTicket.CreateTicket" name="logInTest" time="6.07"/>
  <testcase classname="us.littleguys.testestimator.CreateTicket.CreateTicket" name="createticket" time="2.69"/>
  <testcase classname="us.littleguys.testestimator.CustomerPageTest.AddCustomer" name="logInTest" time="0.003">
    <failure type="java.lang.NullPointerException" message="Cannot invoke &amp;quot;org.openqa.selenium.WebDriver.get(String)&amp;quot; because &amp;quot;this.driver&amp;quot; is null">
      <![CDATA[java.lang.NullPointerException: Cannot invoke "org.openqa.selenium.WebDriver.get(String)" because "this.driver" is null
at us.littleguy.testestimator.pages.BasePageObject.openUrl(BasePageObject.java:34)
at us.littleguy.testestimator.pages.EstimatorLoginPage.openPage(EstimatorLoginPage.java:38)
at us.littleguys.testestimator.CustomerPageTest.AddCustomer.logInTest(AddCustomer.java:19)
at java.base/java.util.ArrayList.forEach(ArrayList.java:1511)
... Removed 27 stack frames]]>
    </failure>
  </testcase> <!-- logInTest -->
  <testcase classname="us.littleguys.testestimator.CustomerPageTest.AddCustomer" name="AddCustomer" time="0.002">
    <failure type="java.lang.IllegalArgumentException" message="Input must be set">
      <![CDATA[java.lang.IllegalArgumentException: Input must be set
at org.openqa.selenium.internal.Require.nonNull(Require.java:59)
at org.openqa.selenium.support.ui.FluentWait.<init>(FluentWait.java:97)
at org.openqa.selenium.support.ui.WebDriverWait.<init>(WebDriverWait.java:77)
at org.openqa.selenium.support.ui.WebDriverWait.<init>(WebDriverWait.java:46)
at us.littleguy.testestimator.pages.BasePageObject.waitFor(BasePageObject.java:81)
at us.littleguy.testestimator.pages.BasePageObject.waitForVisibilityOf(BasePageObject.java:92)
at us.littleguy.testestimator.pages.BasePageObject.click(BasePageObject.java:51)
at us.littleguy.testestimator.pages.LGMJobsPage.ClickOnCustomerOption(LGMJobsPage.java:62)
at us.littleguys.testestimator.CustomerPageTest.AddCustomer.AddCustomer(AddCustomer.java:47)
at java.base/java.util.ArrayList.forEach(ArrayList.java:1511)
... Removed 27 stack frames]]>
    </failure>
  </testcase> <!-- AddCustomer -->
  <testcase classname="us.littleguys.testestimator.CustomerPageTest.AddCustomer" name="AddCustomerWithSameData" time="0.003">
    <failure type="java.lang.IllegalArgumentException" message="Input must be set">
      <![CDATA[java.lang.IllegalArgumentException: Input must be set
at org.openqa.selenium.internal.Require.nonNull(Require.java:59)
at org.openqa.selenium.support.ui.FluentWait.<init>(FluentWait.java:97)
at org.openqa.selenium.support.ui.WebDriverWait.<init>(WebDriverWait.java:77)
at org.openqa.selenium.support.ui.WebDriverWait.<init>(WebDriverWait.java:46)
at us.littleguy.testestimator.pages.BasePageObject.waitFor(BasePageObject.java:81)
at us.littleguy.testestimator.pages.BasePageObject.waitForVisibilityOf(BasePageObject.java:92)
at us.littleguy.testestimator.pages.BasePageObject.click(BasePageObject.java:51)
at us.littleguy.testestimator.pages.LGMJobsPage.ClickOnCustomerOption(LGMJobsPage.java:62)
at us.littleguys.testestimator.CustomerPageTest.AddCustomer.AddCustomerWithSameData(AddCustomer.java:66)
at java.base/java.util.ArrayList.forEach(ArrayList.java:1511)
... Removed 27 stack frames]]>
    </failure>
  </testcase> <!-- AddCustomerWithSameData -->
  <testcase classname="us.littleguys.testestimator.base.BaseTest" name="@AfterSuite tearDown" time="0.0">
    <ignored/>
  </testcase> <!-- @AfterSuite tearDown -->
  <testcase classname="us.littleguys.testestimator.base.BaseTest" name="@BeforeSuite setUp" time="0.0">
    <ignored/>
  </testcase> <!-- @BeforeSuite setUp -->
</testsuite> <!-- CreateTicket -->
