<?xml version="1.0" encoding="UTF-8"?>
<!-- Generated by org.testng.reporters.JUnitXMLReporter -->
<testsuite ignored="0" hostname="Vipuls-MacBook-Pro.local" failures="2" tests="5" name="NegativeLogInTest-CH" time="59.861" errors="0" timestamp="2022-09-15T18:05:11 IST">
  <testcase classname="com.herokuapp.theinternet.Loginpagetests.NegativeLoginTest" name="negativeLogInTest" time="5.108"/>
  <testcase classname="com.herokuapp.theinternet.Loginpagetests.NegativeLoginTest" name="negativeLogInTest" time="6.434"/>
  <testcase classname="com.herokuapp.theinternet.Loginpagetests.NegativeLoginTest" name="negativeLogInTest" time="5.194">
    <failure type="java.lang.AssertionError" message="Message doesn&amp;apos;t contain expected text. expected [true] but found [false]">
      <![CDATA[java.lang.AssertionError: Message doesn't contain expected text. expected [true] but found [false]
at com.herokuapp.theinternet.Loginpagetests.NegativeLoginTest.negativeLogInTest(NegativeLoginTest.java:44)
at java.base/java.util.ArrayList.forEach(ArrayList.java:1541)
at java.base/java.util.concurrent.FutureTask.run(FutureTask.java:264)
at java.base/java.util.concurrent.ThreadPoolExecutor.runWorker(ThreadPoolExecutor.java:1128)
at java.base/java.util.concurrent.ThreadPoolExecutor$Worker.run(ThreadPoolExecutor.java:628)
at java.base/java.lang.Thread.run(Thread.java:834)
... Removed 20 stack frames]]>
    </failure>
  </testcase> <!-- negativeLogInTest -->
  <testcase classname="com.herokuapp.theinternet.Loginpagetests.NegativeLoginTest" name="negativeLogInTest" time="5.893"/>
  <testcase classname="com.herokuapp.theinternet.Loginpagetests.NegativeLoginTest" name="negativeLogInTest" time="4.586">
    <failure type="java.lang.AssertionError" message="Message doesn&amp;apos;t contain expected text. expected [true] but found [false]">
      <![CDATA[java.lang.AssertionError: Message doesn't contain expected text. expected [true] but found [false]
at com.herokuapp.theinternet.Loginpagetests.NegativeLoginTest.negativeLogInTest(NegativeLoginTest.java:44)
at java.base/java.util.ArrayList.forEach(ArrayList.java:1541)
at java.base/java.util.concurrent.FutureTask.run(FutureTask.java:264)
at java.base/java.util.concurrent.ThreadPoolExecutor.runWorker(ThreadPoolExecutor.java:1128)
at java.base/java.util.concurrent.ThreadPoolExecutor$Worker.run(ThreadPoolExecutor.java:628)
at java.base/java.lang.Thread.run(Thread.java:834)
... Removed 20 stack frames]]>
    </failure>
  </testcase> <!-- negativeLogInTest -->
</testsuite> <!-- NegativeLogInTest-CH -->
